<?xml version="1.0" encoding="UTF-8"?>
<!-- Generated by org.testng.reporters.JUnitReportReporter -->
<testsuite hostname="LAPTOP-489MD1P8" failures="0" tests="1" name="com.sp.utilities.RegressionTests" time="11.224" errors="0" timestamp="2021-04-22T16:20:54 IST" skipped="0">
  <testcase classname="com.sp.utilities.RegressionTests" name="tc_01" time="11.224"/>
  <system-out/>
</testsuite> <!-- com.sp.utilities.RegressionTests -->
